UZ-0117 AYM VA1J HK-0008 19163.21310
GMFA PT-0099 GB-0557 GB-0624 ES-0048 12907.79357
OIMX HETR OE53 OBBS 14305.23803
VOTV VYMK VTCR MM-0001 VQ10 VQBT 28358.78395
DE-0433 GB-0624 ES-0048 4796.42071
GUSI EYVK MD-0006 13737.23587
NCMR HK-0008 VEDB 26199.47901
ESGJ NO-0054 VE-0105 11387.82835
AYEM MM-0001 IN-0059 LUTR 27800.46541
ES-0122 VEPG VVGL 21324.34447
LT-0019 GB-0624 IM-0002 SOOR 15743.61091
UGMM LTCD AL-0010 ESQO 10331.52980
SE-0074 NO-0023 EYKS EDAZ 7318.84045
AGEV VYSO FJDG 20573.54066
LASK SI-0021 SE-0074 EYPA 8246.16163
HETR UG24 LTCM 5780.88244
MM-0001 VEMZ OEPC 8261.26969
OERT AE-0129 LTAS LJPZ 12167.01139
HK-0002 HK-0001 KP-0075 KP-0005 7253.33969
RW-0002 FZQJ 1592.01907
