HU-0042 FZDR FDTM 15002.63182
ZLG GMAR IQ-0049 9135.54149
SYLD LUTR 9839.65867
NFNA LHSM HU-0042 LFDT 53520.27066
OYHD NFKD 15714.33879
LMML LGLR EHHV 4965.02022
PH-0089 VTSE ER-0003 12588.36062
DRRA MR-0002 NCAT 22509.14239
MD-0003 LHBC MK-0003 EHGR 7675.18810
NL-0067 GB-0489 EH-0007 6373.64035
ZZ-0002 DNJA DTTG 13332.13829
SKMJ GUGO DNDS HRYR 30464.28359
CD-0035 HHSB JO-0003 IQ-0037 17715.38248
LMML CD-0010 HRYI FBNT 18759.75921
LFNG PT-0099 LPMU LHSM 7296.66767
LUTR MD-0006 LFRN 3571.88452
SR-0005 GY-0004 VMMC 18452.56130
IQ-0037 JO-0004 FDNS 9906.43591
LGAT LGSA AM-0009 VDBG 13627.43935
GUCY GR-0028 VYMK 18231.66704
