AGOB HU-0062 EBBX 30872.36573
LAGJ RS-0007 PARK AGEV NWWL 33690.71368
MU-0001 LBVR ES-0122 17325.65688
TZ-0092 HTUV SLUC 12399.18300
NGMA NFNB PARK PARK PARK PARK PARK PARK PARK NGAB NGTM NWWL PARK NWWI AGKG 72392.57360
HDMO FEFI EC-0034 SE13 31409.55769
OS63 OS69 PARK PARK PARK PARK PARK PARK OPMT PARK NFMA 28228.67055
WBGM PARK PARK WBGK WAWW PARK WBGO PARK TH-0011 PARK PARK PARK PARK TH-0032 VRMV 64270.58892
WAWW PARK WBGK PARK ID-0176 NFKD 19255.01965
ES-0265 PARK PARK DTTI GE-0001 PARK PARK PARK UG24 28474.45706
SPRM PARK PARK PARK SLSS IE-0020 14639.49439
FI-0012 PARK PARK PARK PARK PARK PARK PARK PARK PARK PARK PARK PARK SVJO SE09 EC-0010 35848.57345
BG-0020 PARK ZMDZ PARK PARK JP-1974 29212.31468
LA-0006 MDV SPSI 30334.05521
LT-0019 HU-0049 SK-0008 LJCL FGAB 15240.62615
EC-0034 LJMS PARK PARK UTDL 48171.50682
FNWK PARK FN18 AO-0012 PARK PARK PARK FBOM PARK PARK FEFB BW-0013 32146.26044
WAPC PARK PARK PARK PARK PARK PARK PARK PARK HU-0005 PARK PARK PARK PARK RS-0007 75267.03809
BW-0061 WAPC 11560.38361
NC-0001 PARK WPAT FI-0002 21845.77070
