LYDK KZ-0064 MN-0005 RKPC KP-0072 33792.00997
OTHH QA-0012 FMZJ AHY MZ-0004 21191.82344
IL-0007 LLSD OJ38 YSNB 14053.10035
TZ-0133 ER-0001 LLSD EYSB 16225.51272
AGKG FMEP FAEO 25874.15543
GW-0001 GGGB FDUB 7974.55343
VN-0038 FMNN ZZ-0002 RE-0006 25719.66718
WBGK EYJB LSPN 21993.71606
WBKU WBGR MY-0022 WBGK ID-0176 11039.77248
FMEP RE-0006 MV-0011 5304.42751
KZ-0079 KR-0017 KI-0001 15844.90229
NGON AGEV HTMG 19319.55881
ZA-0070 FDUB GH-0002 7570.19146
LSPN LSGK HHTS 5566.64208
FMNS FWSU 2179.05438
FWLK TZ-0136 VN-0055 7566.40565
FMSF FDTS FXPG BW-0061 9383.04627
ZMTL VGJR VREI ZZ-0002 FR-0314 32541.61994
LL60 LLMR 625.32873
BITM KP-0019 RK39 PWAK 31640.84438
