LYDK PARK PARK LT-0019 EYAL PARK PARK PARK PARK KZ-0077 KP-0072 33092.51290
OTHH OTBK PARK PARK AE-0129 AHY PARK PARK PARK PARK MZ-0004 43313.37208
IL-0007 LLSD PARK PARK PARK PARK PARK PARK PARK PARK PARK PARK PARK PARK PARK PARK PARK OJ38 YSNB 22104.80962
TZ-0133 PARK PARK PARK ER-0001 LLSD PARK PARK PARK EYSB 30928.99323
AGKG YMCT PARK FAEO 22719.68923
GW-0001 PARK PARK PARK PARK PARK PARK PARK PARK PARK PARK PARK GGGB FDUB 9356.69671
VN-0038 PARK PARK PARK PARK PARK PARK PARK PARK FMNN PARK PARK ZZ-0002 PARK PARK PARK PARK PARK PARK PARK RE-0006 98736.68336
WBGK EYJB LSPN 21932.96606
WBKU PARK PARK PARK WBGR MY-0022 PARK PARK PARK WBGK ID-0176 15624.51552
FMEP PARK PARK RE-0006 PARK PARK PARK PARK MV-0011 6438.34822
KZ-0079 PARK KR-0017 PARK PARK PARK PARK KI-0001 31935.20337
NGON PARK AGEV HTMG 18789.09016
ZA-0070 PARK PARK FDUB GH-0002 7418.35621
LSPN LSGK PARK PARK PARK PARK PARK PARK HHTS 8832.07083
FMNS PARK PARK PARK FWSU 2234.80938
FWLK PARK PARK PARK PARK PARK PARK TZ-0136 VN-0055 7530.71915
FMSF FDTS PARK PARK PARK PARK PARK PARK PARK FXPG PARK PARK PARK BW-0061 32633.67948
ZMTL PARK PARK PARK PARK PARK VGJR VREI ZZ-0002 FR-0314 32183.19369
LL60 PARK PARK PARK PARK PARK LLMR 802.02155
BITM PARK PARK PARK PARK PARK KP-0019 PARK PARK RK39 PARK PWAK 58576.40816
