AGOB HU-0062 EBBX 31030.65323
LAGJ RS-0007 AGEV NWWL 33411.97921
MU-0001 LBVR ES-0122 17740.94049
TZ-0092 HTUV SLUC 12598.57800
NGMA NFNB NGAB NGTM NWWL NWWI AGKG 46992.27663
HDMO FEFI EC-0034 SE13 31936.10494
OS63 OS69 OPMT NFMA 21351.37136
WBGM TH-0012 LA-0006 PK-GRT MV-0008 VRMV 34331.76405
WAWW WBGK ID-0176 NFKD 18582.35994
ES-0265 DTTI GE-0001 UG24 12846.50328
SPRM SLSS IE-0020 14795.95883
FI-0012 SVJO SE09 EC-0010 34514.44945
BG-0020 ZMDZ JP-1974 16345.94059
LA-0006 MDV SPSI 30536.12377
LT-0019 HU-0049 SK-0008 LJCL FGAB 14842.40203
EC-0034 BE-0001 UTDL 25631.96467
FNWK FN18 AO-0012 FBOM FEFB BW-0013 23162.46445
WAPC HU-0005 RS-0007 25171.66573
BW-0061 WAPC 11748.02911
NC-0001 WPAT FI-0002 22058.19020
