HU-0042 FZDR PARK FDTM 20677.90798
ZLG PARK PARK PARK PARK PARK PARK PARK PARK GMAR IQ-0049 9318.18161
SYLD PARK PARK PARK LUTR 9877.63867
NFNA PARK PARK PARK GB-0071 FR-0469 PARK PARK LFDT 89065.23124
OYHD PARK PARK PARK NFKD 15807.70704
LMML LGLR EHHV 4839.50059
PH-0089 VTSE ER-0003 12507.64187
DRRA PARK PARK PARK PARK PARK PARK PARK MR-0002 NCAT 22447.33637
MD-0003 PARK PARK PARK LHBC PARK PARK PARK PARK PARK MK-0003 PARK EHGR 14559.24043
NL-0067 PARK PARK PARK GB-0489 EH-0007 6308.40813
ZZ-0002 PARK PARK PARK PARK PARK PARK PARK PARK DNJA PARK DTTG 19129.39888
SKMJ PARK GUGO PARK DNDS HRYR 37386.61896
CD-0035 PARK HHSB PARK PARK PARK PARK PARK PARK JO-0003 IQ-0037 38282.69468
LMML CD-0010 HRYI PARK PARK FBNT 28618.54101
LFNG PARK PARK PARK PARK PARK PARK PT-0099 LPMU LHSM 7884.74267
LUTR PARK PARK PARK PARK PARK PARK LHSM LFRN 4862.64974
SR-0005 PARK PARK PARK GY-0004 PARK VMMC 19142.40120
IQ-0037 PARK JO-0004 FDNS 9259.91138
LGAT PARK PARK LGSA AM-0009 PARK PARK PARK PARK PARK VDBG 27685.46415
GUCY PARK PARK GR-0028 VYMK 17801.59871
