UZ-0117 PARK PARK PARK PARK PARK PARK PARK PARK AYM VA1J PARK HK-0008 24522.49188
GMFA PT-0099 PARK PARK PARK PARK PARK PARK PARK PARK GB-0557 GB-0624 ES-0048 21691.15129
OIMX PARK PARK PARK TJ-0004 TJ-0006 UZ-0021 PARK PARK PARK PARK PARK PARK PARK OBBS 31192.37840
VOTV PARK PARK VYMK PARK VTCR PARK PARK PARK VYTN PARK PARK PARK PARK VYBM PARK PARK VQBT 77157.03295
DE-0433 GB-0624 ES-0048 4464.91471
GUSI EYVK PARK MD-0006 19641.65882
NCMR PARK HK-0008 PARK VEDB 36728.92912
ESGJ PARK PARK PARK PARK PARK PARK NO-0054 PARK PARK VE-0105 13340.13308
AYEM PARK MM-0001 UGSB LUTR 32602.99437
ES-0122 VEPG VVGL 20795.57176
LT-0019 PARK PARK PARK PARK PARK PARK PARK PARK PARK PARK PARK PARK GB-0624 IM-0002 PARK PARK PARK PARK SOOR 29568.45396
UGMM LTCD PARK PARK PARK AL-0010 ESQO 12757.11000
SE-0074 PARK PARK PARK PARK PARK PARK NO-0023 PARK EYKS EDAZ 7761.91212
AGEV PARK PARK PARK PARK VYSO FJDG 20327.04139
LASK PARK PARK SI-0021 SE-0074 PARK PARK EYPA 13079.44284
HETR UG24 PARK PARK PARK LTCM 12858.48834
MM-0001 PARK PARK PARK PARK VEMZ PARK PARK OEPC 12094.28618
OERT AE-0129 LTAS PARK LJPZ 15204.45222
HK-0002 HK-0001 PARK KP-0075 PARK PARK KP-0005 13239.39037
RW-0002 FZQJ 1413.23546
